10:07:00.927 [main] INFO  com.intuit.karate - karate.env system property was:  
10:07:01.090 [main] DEBUG com.intuit.karate.shell.Command - found / verified free local port: 9222
10:07:01.096 [chrome_1603444021079] DEBUG c.i.k.driver.chrome_1603444021079 - command: [C:\Program Files (x86)\Google\Chrome\Application\chrome.exe, --remote-debugging-port=9222, --no-first-run, --user-data-dir=E:\KaratePOC\RMS_POC\rmsPOC\target\chrome_1603444021079, --disable-popup-blocking]
10:07:01.119 [main] DEBUG c.i.k.driver.chrome_1603444021079 - poll attempt #0 for port to be ready - localhost:9222
10:07:01.847 [chrome_1603444021079-out] DEBUG c.i.k.driver.chrome_1603444021079 - 
10:07:01.848 [chrome_1603444021079-out] DEBUG c.i.k.driver.chrome_1603444021079 - DevTools listening on ws://127.0.0.1:9222/devtools/browser/062a8270-224c-49f6-81a0-1b3edb41c39d
10:07:04.916 [main] DEBUG com.intuit.karate - request:
1 > GET http://localhost:9222
1 > Accept-Encoding: gzip,deflate
1 > Connection: Keep-Alive
1 > Host: localhost:9222
1 > User-Agent: Apache-HttpClient/4.5.12 (Java/13.0.2)

10:07:05.028 [main] DEBUG com.intuit.karate - response time in milliseconds: 106.98
1 < 200
1 < Content-Length: 5294
1 < Content-Type: text/html; charset=UTF-8
<!doctype html>
<html lang="en">
<title>Inspectable pages</title>
<meta name="referrer" content="no-referrer">
<style>
body {
  color: #222;
  font-family: Helvetica, Arial, sans-serif;
  margin: 0;
  text-shadow: rgba(255, 255, 255, 0.496094) 0px 1px 0px;
}

#caption {
  font-size: 16px;
  margin-top: 15px;
  margin-bottom: 10px;
  margin-left: 20px;
  height: 20px;
  text-align: left;
}

#items {
  display: flex;
  flex-direction: column;
  margin: 10px;
}

.item {
  color: #222;
  display: flex;
  flex-direction: row;
  text-decoration: none;
  padding: 10px;
  transition-property: background-color, border-color;
  transition: background-color 0.15s, 0.15s;
  transition-delay: 0ms, 0ms;
}

.item:not(.connected):hover {
  background-color: rgba(242, 242, 242, 1);
  border-color: rgba(110, 116, 128, 1);
  color: black;
}

.item.connected:hover {
  border-color: rgba(184, 184, 184, 1);
  color: rgb(110, 116, 128);
}

.item.custom {
    cursor: pointer;
}

.description {
  display: flex;
  flex-direction: column;
}

.title, .subtitle, .custom-url {
  font-size: 13px;
  margin: 4px 0px 0px 6px;
  overflow: hidden;
  padding-left: 20px;
}

.title {
  background-repeat: no-repeat;
  background-size: 16px;
  font-size: 15px;
}

.custom-url {
  display: flex;
}

.custom-url-label {
  flex: 0 0 auto;
}

.custom-url-value {
  font-family: monospace;
  margin-left: 1em;
}

</style>

<script>

function onLoad() {
  var tabsListRequest = new XMLHttpRequest();
  tabsListRequest.open('GET', '/json/list', true);
  tabsListRequest.onreadystatechange = onReady;
  tabsListRequest.send();
}

function onReady() {
  if(this.readyState == 4 && this.status == 200) {
    if(this.response != null)
      var responseJSON = JSON.parse(this.response);
      for (var i = 0; i < responseJSON.length; ++i)
        appendItem(responseJSON[i]);
  }
}

function onBlur(event) {
  const selection = window.getSelection();
  selection.removeAllRanges();
  event.stopPropagation();
  event.preventDefault();
}

function onFocus(selectElement, event) {
  selectNodeText(selectElement, event);
  event.stopPropagation();
  event.preventDefault();
}

function customFrontendURL(url) {
  if (!url || !window.location.hash)
    return null;

  var hashParams = new URLSearchParams(location.hash.substring(1));
  if (!hashParams.get("custom"))
    return null;

  var searchIndex = url.indexOf("?");
  if (searchIndex === -1)
    return null;
  var originalParams = url.substring(searchIndex + 1);
  if (hashParams.get("experiments"))
    originalParams += "&experiments=true";

  return "devtools://devtools/custom/inspector.html?" + originalParams;
}

function appendItem(item_object) {
  var item_element;
  var customURL = customFrontendURL(item_object.devtoolsFrontendUrl);
  if (customURL) {
    item_element = document.createElement('div');
    item_element.title = item_object.title;
    item_element.className = 'custom';
  } else if (item_object.devtoolsFrontendUrl) {
    item_element = document.createElement('a');
    item_element.href = item_object.devtoolsFrontendUrl;
    item_element.title = item_object.title;
  } else {
    item_element = document.createElement('div');
    item_element.className = 'connected';
    item_element.title = 'The tab already has an active debug session';
  }
  item_element.classList.add('item');

  var description = document.createElement('div');
  description.className = 'description';

  var title = document.createElement('div');
  title.className = 'title';
  title.textContent = item_object.description || item_object.title;
  if (item_object.faviconUrl) {
    title.style.backgroundImage = 'url(' + item_object.faviconUrl + ')';
  }
  description.appendChild(title);

  var subtitle = document.createElement('div');
  subtitle.className = 'subtitle';
  subtitle.textContent = (item_object.url || '').substring(0, 300);
  description.appendChild(subtitle);

  if (customURL) {
    var urlContainer = document.createElement('div');
    urlContainer.classList.add("custom-url");
    var urlLabel = document.createElement('div');
    urlLabel.classList.add("custom-url-label");
    urlLabel.textContent = "Click to copy URL:";
    urlContainer.appendChild(urlLabel);
    var urlValue = document.createElement('div');
    urlValue.classList.add("custom-url-value");
    urlValue.textContent = customURL;
    urlValue.tabIndex = 0;
    urlValue.addEventListener('blur', onBlur);
    urlValue.addEventListener('focus', event => onFocus(urlValue, event));
    urlContainer.appendChild(urlValue);
    description.appendChild(urlContainer);
    item_element.addEventListener('click', selectNodeText.bind(null, urlValue));
  }

  item_element.appendChild(description);

  document.getElementById('items').appendChild(item_element);
}

function selectNodeText(selectElement, event)
{
  var selection = window.getSelection();
  if (!selection.isCollapsed)
    return;
  var range = document.createRange();
  range.selectNode(selectElement);
  selection.removeAllRanges();
  selection.addRange(range);
  event.stopPropagation();
  event.preventDefault();
}
</script>
</head>
<body onload='onLoad()'>
  <div role='main'>
    <div id='caption' role='heading' aria-level='1'>Inspectable pages</div>
    <hr>
    <div id='items'>
    </div>
  </div>
</body>
</html>


10:07:05.045 [main] WARN  com.intuit.karate - xml parsing failed, response data type set to string: org.xml.sax.SAXParseException; lineNumber: 1; columnNumber: 3; The markup in the document preceding the root element must be well-formed.
10:07:05.047 [main] DEBUG com.intuit.karate.shell.Command - ready to accept http connections after 2835 ms - http://localhost:9222
10:07:05.065 [main] DEBUG com.intuit.karate - request:
1 > GET http://localhost:9222/json
1 > Accept-Encoding: gzip,deflate
1 > Connection: Keep-Alive
1 > Host: localhost:9222
1 > User-Agent: Apache-HttpClient/4.5.12 (Java/13.0.2)

10:07:05.069 [main] DEBUG com.intuit.karate - response time in milliseconds: 3.52
1 < 200
1 < Content-Length: 2182
1 < Content-Type: application/json; charset=UTF-8
[ {
   "description": "",
   "devtoolsFrontendUrl": "/devtools/inspector.html?ws=localhost:9222/devtools/page/15408C4137395DF274FC61BDD882E2A9",
   "id": "15408C4137395DF274FC61BDD882E2A9",
   "title": "CryptoTokenExtension",
   "type": "background_page",
   "url": "chrome-extension://kmendfapggjehodndflmmgagdbamhnfd/_generated_background_page.html",
   "webSocketDebuggerUrl": "ws://localhost:9222/devtools/page/15408C4137395DF274FC61BDD882E2A9"
}, {
   "description": "",
   "devtoolsFrontendUrl": "/devtools/inspector.html?ws=localhost:9222/devtools/page/AAF2B614D0C5E0B00C52F79721758C0A",
   "id": "AAF2B614D0C5E0B00C52F79721758C0A",
   "title": "Google Network Speech",
   "type": "background_page",
   "url": "chrome-extension://neajdppkdcdipfabeoofebfddakdcjhd/_generated_background_page.html",
   "webSocketDebuggerUrl": "ws://localhost:9222/devtools/page/AAF2B614D0C5E0B00C52F79721758C0A"
}, {
   "description": "",
   "devtoolsFrontendUrl": "/devtools/inspector.html?ws=localhost:9222/devtools/page/2B54B1721C43C999262CF8E387DB2499",
   "id": "2B54B1721C43C999262CF8E387DB2499",
   "title": "Feedback",
   "type": "background_page",
   "url": "chrome-extension://gfdkimpbcpahaombhbimeihdjnejgicl/_generated_background_page.html",
   "webSocketDebuggerUrl": "ws://localhost:9222/devtools/page/2B54B1721C43C999262CF8E387DB2499"
}, {
   "description": "",
   "devtoolsFrontendUrl": "/devtools/inspector.html?ws=localhost:9222/devtools/page/936B4BB1314FE1CAD537EF5A445234E5",
   "id": "936B4BB1314FE1CAD537EF5A445234E5",
   "title": "Google Hangouts",
   "type": "background_page",
   "url": "chrome-extension://nkeimhogjdpnpccoofpliimaahmaaome/background.html",
   "webSocketDebuggerUrl": "ws://localhost:9222/devtools/page/936B4BB1314FE1CAD537EF5A445234E5"
}, {
   "description": "",
   "devtoolsFrontendUrl": "/devtools/inspector.html?ws=localhost:9222/devtools/page/2251815F0D4298A315E1F3F25C4911C6",
   "id": "2251815F0D4298A315E1F3F25C4911C6",
   "title": "Welcome to Chrome",
   "type": "page",
   "url": "chrome://welcome/",
   "webSocketDebuggerUrl": "ws://localhost:9222/devtools/page/2251815F0D4298A315E1F3F25C4911C6"
} ]


10:07:05.074 [main] DEBUG c.i.k.driver.chrome_1603444021079 - root frame id: 2251815F0D4298A315E1F3F25C4911C6
10:07:08.712 [nioEventLoopGroup-2-1] DEBUG c.i.k.netty.WebSocketClientHandler - websocket client connected
10:07:08.713 [main] DEBUG c.i.k.driver.chrome_1603444021079 - >> {"method":"Target.activateTarget","params":{"targetId":"2251815F0D4298A315E1F3F25C4911C6"},"id":1}
10:07:08.761 [nioEventLoopGroup-2-1] DEBUG c.i.k.driver.chrome_1603444021079 - << {"id":1,"result":{}}
10:07:08.763 [main] DEBUG c.i.k.driver.chrome_1603444021079 - >> {"method":"Page.enable","id":2}
10:07:08.777 [nioEventLoopGroup-2-1] DEBUG c.i.k.driver.chrome_1603444021079 - << {"id":2,"result":{}}
10:07:08.784 [main] DEBUG c.i.k.driver.chrome_1603444021079 - >> {"method":"Runtime.enable","id":3}
10:07:08.792 [nioEventLoopGroup-2-1] DEBUG c.i.k.driver.chrome_1603444021079 - << {"method":"Runtime.executionContextCreated","params":{"context":{"id":1,"origin":"chrome://welcome","name":"","auxData":{"isDefault":true,"type":"default","frameId":"2251815F0D4298A315E1F3F25C4911C6"}}}}
10:07:08.794 [nioEventLoopGroup-2-1] DEBUG c.i.k.driver.chrome_1603444021079 - << {"id":3,"result":{}}
10:07:08.795 [main] DEBUG c.i.k.driver.chrome_1603444021079 - >> {"method":"Target.setAutoAttach","params":{"autoAttach":true,"waitForDebuggerOnStart":false,"flatten":true},"id":4}
10:07:08.798 [nioEventLoopGroup-2-1] DEBUG c.i.k.driver.chrome_1603444021079 - << {"id":4,"result":{}}
10:07:08.801 [main] DEBUG c.i.k.driver.chrome_1603444021079 - >> {"method":"Browser.getWindowForTarget","params":{"targetId":"2251815F0D4298A315E1F3F25C4911C6"},"id":5}
10:07:08.804 [nioEventLoopGroup-2-1] DEBUG c.i.k.driver.chrome_1603444021079 - << {"id":5,"result":{"windowId":1,"bounds":{"left":10,"top":10,"width":1050,"height":708,"windowState":"normal"}}}
10:07:09.718 [main] DEBUG c.i.k.driver.chrome_1603444021079 - >> {"method":"Page.navigate","params":{"url":"http:\/\/volvoukadmin-auto.rmsdevelopment.net\/contenthandler.aspx?cmd=login"},"id":6}
10:07:14.294 [nioEventLoopGroup-2-1] DEBUG c.i.k.driver.chrome_1603444021079 - << {"id":6,"result":{"frameId":"2251815F0D4298A315E1F3F25C4911C6","loaderId":"3AC5544A1F6CCEF18F7EEA74748AAC16"}}
10:07:14.349 [nioEventLoopGroup-2-1] DEBUG c.i.k.driver.chrome_1603444021079 - << {"method":"Runtime.executionContextsCleared","params":{}}
10:07:14.357 [nioEventLoopGroup-2-1] DEBUG c.i.k.driver.chrome_1603444021079 - << {"method":"Page.frameStartedLoading","params":{"frameId":"2251815F0D4298A315E1F3F25C4911C6"}}
10:07:14.396 [nioEventLoopGroup-2-1] DEBUG c.i.k.driver.chrome_1603444021079 - << {"method":"Runtime.executionContextsCleared","params":{}}
10:07:14.398 [nioEventLoopGroup-2-1] DEBUG c.i.k.driver.chrome_1603444021079 - << {"method":"Page.frameNavigated","params":{"frame":{"id":"2251815F0D4298A315E1F3F25C4911C6","loaderId":"3AC5544A1F6CCEF18F7EEA74748AAC16","url":"https://volvoukadmin-auto.rmsdevelopment.net/contenthandler.aspx?cmd=login","domainAndRegistry":"rmsdevelopment.net","securityOrigin":"https://volvoukadmin-auto.rmsdevelopment.net","mimeType":"text/html","adFrameType":"none","secureContextType":"Secure","crossOriginIsolatedContextType":"NotIsolated"}}}
10:07:14.400 [nioEventLoopGroup-2-1] DEBUG c.i.k.driver.chrome_1603444021079 - << {"method":"Runtime.executionContextCreated","params":{"context":{"id":1,"origin":"https://volvoukadmin-auto.rmsdevelopment.net","name":"","auxData":{"isDefault":true,"type":"default","frameId":"2251815F0D4298A315E1F3F25C4911C6"}}}}
10:07:15.124 [nioEventLoopGroup-2-1] DEBUG c.i.k.driver.chrome_1603444021079 - << {"method":"Page.domContentEventFired","params":{"timestamp":323159.578039}}
10:07:15.281 [nioEventLoopGroup-2-1] DEBUG c.i.k.driver.chrome_1603444021079 - << {"method":"Page.loadEventFired","params":{"timestamp":323159.735775}}
10:07:15.283 [nioEventLoopGroup-2-1] DEBUG c.i.k.driver.chrome_1603444021079 - << {"method":"Page.frameStoppedLoading","params":{"frameId":"2251815F0D4298A315E1F3F25C4911C6"}}
10:07:15.429 [main] DEBUG c.i.k.driver.chrome_1603444021079 - >> {"method":"Runtime.evaluate","params":{"expression":"var e = document.querySelector(\"#uctrlLogin_txtUsername\"); e.focus(); try { e.selectionStart = e.selectionEnd = e.value.length } catch(x) {}","returnByValue":true},"id":7}
10:07:15.445 [nioEventLoopGroup-2-1] DEBUG c.i.k.driver.chrome_1603444021079 - << {"id":7,"result":{"result":{"type":"number","value":0,"description":"0"}}}
10:07:15.446 [main] DEBUG c.i.k.driver.chrome_1603444021079 - >> {"method":"Input.dispatchKeyEvent","params":{"modifiers":0,"type":"rawKeyDown","text":"_","windowsVirtualKeyCode":523},"id":8}
10:07:15.459 [nioEventLoopGroup-2-1] DEBUG c.i.k.driver.chrome_1603444021079 - << {"id":8,"result":{}}
10:07:15.460 [main] DEBUG c.i.k.driver.chrome_1603444021079 - >> {"method":"Input.dispatchKeyEvent","params":{"modifiers":0,"type":"char","text":"_","windowsVirtualKeyCode":523},"id":9}
10:07:15.471 [nioEventLoopGroup-2-1] DEBUG c.i.k.driver.chrome_1603444021079 - << {"id":9,"result":{}}
10:07:15.472 [main] DEBUG c.i.k.driver.chrome_1603444021079 - >> {"method":"Input.dispatchKeyEvent","params":{"modifiers":0,"type":"keyUp","text":"_","windowsVirtualKeyCode":523},"id":10}
10:07:15.480 [nioEventLoopGroup-2-1] DEBUG c.i.k.driver.chrome_1603444021079 - << {"id":10,"result":{}}
10:07:15.481 [main] DEBUG c.i.k.driver.chrome_1603444021079 - >> {"method":"Input.dispatchKeyEvent","params":{"modifiers":0,"type":"rawKeyDown","text":"_","windowsVirtualKeyCode":523},"id":11}
10:07:15.493 [nioEventLoopGroup-2-1] DEBUG c.i.k.driver.chrome_1603444021079 - << {"id":11,"result":{}}
10:07:15.495 [main] DEBUG c.i.k.driver.chrome_1603444021079 - >> {"method":"Input.dispatchKeyEvent","params":{"modifiers":0,"type":"char","text":"_","windowsVirtualKeyCode":523},"id":12}
10:07:15.508 [nioEventLoopGroup-2-1] DEBUG c.i.k.driver.chrome_1603444021079 - << {"id":12,"result":{}}
10:07:15.509 [main] DEBUG c.i.k.driver.chrome_1603444021079 - >> {"method":"Input.dispatchKeyEvent","params":{"modifiers":0,"type":"keyUp","text":"_","windowsVirtualKeyCode":523},"id":13}
10:07:15.526 [nioEventLoopGroup-2-1] DEBUG c.i.k.driver.chrome_1603444021079 - << {"id":13,"result":{}}
10:07:15.527 [main] WARN  c.i.k.driver.chrome_1603444021079 - unknown character / key code: T
10:07:15.528 [main] DEBUG c.i.k.driver.chrome_1603444021079 - >> {"method":"Input.dispatchKeyEvent","params":{"modifiers":0,"type":"char","text":"T"},"id":14}
10:07:15.539 [nioEventLoopGroup-2-1] DEBUG c.i.k.driver.chrome_1603444021079 - << {"id":14,"result":{}}
10:07:15.540 [main] DEBUG c.i.k.driver.chrome_1603444021079 - >> {"method":"Input.dispatchKeyEvent","params":{"modifiers":0,"type":"rawKeyDown","text":"e","windowsVirtualKeyCode":69},"id":15}
10:07:15.544 [nioEventLoopGroup-2-1] DEBUG c.i.k.driver.chrome_1603444021079 - << {"id":15,"result":{}}
10:07:15.545 [main] DEBUG c.i.k.driver.chrome_1603444021079 - >> {"method":"Input.dispatchKeyEvent","params":{"modifiers":0,"type":"char","text":"e","windowsVirtualKeyCode":69},"id":16}
10:07:15.566 [nioEventLoopGroup-2-1] DEBUG c.i.k.driver.chrome_1603444021079 - << {"id":16,"result":{}}
10:07:15.568 [main] DEBUG c.i.k.driver.chrome_1603444021079 - >> {"method":"Input.dispatchKeyEvent","params":{"modifiers":0,"type":"keyUp","text":"e","windowsVirtualKeyCode":69},"id":17}
10:07:15.572 [nioEventLoopGroup-2-1] DEBUG c.i.k.driver.chrome_1603444021079 - << {"id":17,"result":{}}
10:07:15.573 [main] DEBUG c.i.k.driver.chrome_1603444021079 - >> {"method":"Input.dispatchKeyEvent","params":{"modifiers":0,"type":"rawKeyDown","text":"s","windowsVirtualKeyCode":83},"id":18}
10:07:15.581 [nioEventLoopGroup-2-1] DEBUG c.i.k.driver.chrome_1603444021079 - << {"id":18,"result":{}}
10:07:15.583 [main] DEBUG c.i.k.driver.chrome_1603444021079 - >> {"method":"Input.dispatchKeyEvent","params":{"modifiers":0,"type":"char","text":"s","windowsVirtualKeyCode":83},"id":19}
10:07:15.592 [nioEventLoopGroup-2-1] DEBUG c.i.k.driver.chrome_1603444021079 - << {"id":19,"result":{}}
10:07:15.592 [main] DEBUG c.i.k.driver.chrome_1603444021079 - >> {"method":"Input.dispatchKeyEvent","params":{"modifiers":0,"type":"keyUp","text":"s","windowsVirtualKeyCode":83},"id":20}
10:07:15.601 [nioEventLoopGroup-2-1] DEBUG c.i.k.driver.chrome_1603444021079 - << {"id":20,"result":{}}
10:07:15.604 [main] DEBUG c.i.k.driver.chrome_1603444021079 - >> {"method":"Input.dispatchKeyEvent","params":{"modifiers":0,"type":"rawKeyDown","text":"t","windowsVirtualKeyCode":84},"id":21}
10:07:15.614 [nioEventLoopGroup-2-1] DEBUG c.i.k.driver.chrome_1603444021079 - << {"id":21,"result":{}}
10:07:15.615 [main] DEBUG c.i.k.driver.chrome_1603444021079 - >> {"method":"Input.dispatchKeyEvent","params":{"modifiers":0,"type":"char","text":"t","windowsVirtualKeyCode":84},"id":22}
10:07:15.620 [nioEventLoopGroup-2-1] DEBUG c.i.k.driver.chrome_1603444021079 - << {"id":22,"result":{}}
10:07:15.620 [main] DEBUG c.i.k.driver.chrome_1603444021079 - >> {"method":"Input.dispatchKeyEvent","params":{"modifiers":0,"type":"keyUp","text":"t","windowsVirtualKeyCode":84},"id":23}
10:07:15.625 [nioEventLoopGroup-2-1] DEBUG c.i.k.driver.chrome_1603444021079 - << {"id":23,"result":{}}
10:07:15.626 [main] WARN  c.i.k.driver.chrome_1603444021079 - unknown character / key code: A
10:07:15.626 [main] DEBUG c.i.k.driver.chrome_1603444021079 - >> {"method":"Input.dispatchKeyEvent","params":{"modifiers":0,"type":"char","text":"A"},"id":24}
10:07:15.632 [nioEventLoopGroup-2-1] DEBUG c.i.k.driver.chrome_1603444021079 - << {"id":24,"result":{}}
10:07:15.637 [main] DEBUG c.i.k.driver.chrome_1603444021079 - >> {"method":"Input.dispatchKeyEvent","params":{"modifiers":0,"type":"rawKeyDown","text":"u","windowsVirtualKeyCode":85},"id":25}
10:07:15.641 [nioEventLoopGroup-2-1] DEBUG c.i.k.driver.chrome_1603444021079 - << {"id":25,"result":{}}
10:07:15.643 [main] DEBUG c.i.k.driver.chrome_1603444021079 - >> {"method":"Input.dispatchKeyEvent","params":{"modifiers":0,"type":"char","text":"u","windowsVirtualKeyCode":85},"id":26}
10:07:15.652 [nioEventLoopGroup-2-1] DEBUG c.i.k.driver.chrome_1603444021079 - << {"id":26,"result":{}}
10:07:15.654 [main] DEBUG c.i.k.driver.chrome_1603444021079 - >> {"method":"Input.dispatchKeyEvent","params":{"modifiers":0,"type":"keyUp","text":"u","windowsVirtualKeyCode":85},"id":27}
10:07:15.661 [nioEventLoopGroup-2-1] DEBUG c.i.k.driver.chrome_1603444021079 - << {"id":27,"result":{}}
10:07:15.662 [main] DEBUG c.i.k.driver.chrome_1603444021079 - >> {"method":"Input.dispatchKeyEvent","params":{"modifiers":0,"type":"rawKeyDown","text":"t","windowsVirtualKeyCode":84},"id":28}
10:07:15.691 [nioEventLoopGroup-2-1] DEBUG c.i.k.driver.chrome_1603444021079 - << {"id":28,"result":{}}
10:07:15.692 [main] DEBUG c.i.k.driver.chrome_1603444021079 - >> {"method":"Input.dispatchKeyEvent","params":{"modifiers":0,"type":"char","text":"t","windowsVirtualKeyCode":84},"id":29}
10:07:15.697 [nioEventLoopGroup-2-1] DEBUG c.i.k.driver.chrome_1603444021079 - << {"id":29,"result":{}}
10:07:15.698 [main] DEBUG c.i.k.driver.chrome_1603444021079 - >> {"method":"Input.dispatchKeyEvent","params":{"modifiers":0,"type":"keyUp","text":"t","windowsVirtualKeyCode":84},"id":30}
10:07:15.710 [nioEventLoopGroup-2-1] DEBUG c.i.k.driver.chrome_1603444021079 - << {"id":30,"result":{}}
10:07:15.711 [main] DEBUG c.i.k.driver.chrome_1603444021079 - >> {"method":"Input.dispatchKeyEvent","params":{"modifiers":0,"type":"rawKeyDown","text":"o","windowsVirtualKeyCode":79},"id":31}
10:07:15.716 [nioEventLoopGroup-2-1] DEBUG c.i.k.driver.chrome_1603444021079 - << {"id":31,"result":{}}
10:07:15.718 [main] DEBUG c.i.k.driver.chrome_1603444021079 - >> {"method":"Input.dispatchKeyEvent","params":{"modifiers":0,"type":"char","text":"o","windowsVirtualKeyCode":79},"id":32}
10:07:15.732 [nioEventLoopGroup-2-1] DEBUG c.i.k.driver.chrome_1603444021079 - << {"id":32,"result":{}}
10:07:15.734 [main] DEBUG c.i.k.driver.chrome_1603444021079 - >> {"method":"Input.dispatchKeyEvent","params":{"modifiers":0,"type":"keyUp","text":"o","windowsVirtualKeyCode":79},"id":33}
10:07:15.740 [nioEventLoopGroup-2-1] DEBUG c.i.k.driver.chrome_1603444021079 - << {"id":33,"result":{}}
10:07:15.741 [main] DEBUG c.i.k.driver.chrome_1603444021079 - >> {"method":"Input.dispatchKeyEvent","params":{"modifiers":0,"type":"rawKeyDown","text":"m","windowsVirtualKeyCode":77},"id":34}
10:07:15.746 [nioEventLoopGroup-2-1] DEBUG c.i.k.driver.chrome_1603444021079 - << {"id":34,"result":{}}
10:07:15.747 [main] DEBUG c.i.k.driver.chrome_1603444021079 - >> {"method":"Input.dispatchKeyEvent","params":{"modifiers":0,"type":"char","text":"m","windowsVirtualKeyCode":77},"id":35}
10:07:15.755 [nioEventLoopGroup-2-1] DEBUG c.i.k.driver.chrome_1603444021079 - << {"id":35,"result":{}}
10:07:15.757 [main] DEBUG c.i.k.driver.chrome_1603444021079 - >> {"method":"Input.dispatchKeyEvent","params":{"modifiers":0,"type":"keyUp","text":"m","windowsVirtualKeyCode":77},"id":36}
10:07:15.760 [nioEventLoopGroup-2-1] DEBUG c.i.k.driver.chrome_1603444021079 - << {"id":36,"result":{}}
10:07:15.763 [main] DEBUG c.i.k.driver.chrome_1603444021079 - >> {"method":"Input.dispatchKeyEvent","params":{"modifiers":0,"type":"rawKeyDown","text":"a","windowsVirtualKeyCode":65},"id":37}
10:07:15.768 [nioEventLoopGroup-2-1] DEBUG c.i.k.driver.chrome_1603444021079 - << {"id":37,"result":{}}
10:07:15.769 [main] DEBUG c.i.k.driver.chrome_1603444021079 - >> {"method":"Input.dispatchKeyEvent","params":{"modifiers":0,"type":"char","text":"a","windowsVirtualKeyCode":65},"id":38}
10:07:15.776 [nioEventLoopGroup-2-1] DEBUG c.i.k.driver.chrome_1603444021079 - << {"id":38,"result":{}}
10:07:15.778 [main] DEBUG c.i.k.driver.chrome_1603444021079 - >> {"method":"Input.dispatchKeyEvent","params":{"modifiers":0,"type":"keyUp","text":"a","windowsVirtualKeyCode":65},"id":39}
10:07:15.781 [nioEventLoopGroup-2-1] DEBUG c.i.k.driver.chrome_1603444021079 - << {"id":39,"result":{}}
10:07:15.782 [main] DEBUG c.i.k.driver.chrome_1603444021079 - >> {"method":"Input.dispatchKeyEvent","params":{"modifiers":0,"type":"rawKeyDown","text":"t","windowsVirtualKeyCode":84},"id":40}
10:07:15.788 [nioEventLoopGroup-2-1] DEBUG c.i.k.driver.chrome_1603444021079 - << {"id":40,"result":{}}
10:07:15.788 [main] DEBUG c.i.k.driver.chrome_1603444021079 - >> {"method":"Input.dispatchKeyEvent","params":{"modifiers":0,"type":"char","text":"t","windowsVirtualKeyCode":84},"id":41}
10:07:15.792 [nioEventLoopGroup-2-1] DEBUG c.i.k.driver.chrome_1603444021079 - << {"id":41,"result":{}}
10:07:15.793 [main] DEBUG c.i.k.driver.chrome_1603444021079 - >> {"method":"Input.dispatchKeyEvent","params":{"modifiers":0,"type":"keyUp","text":"t","windowsVirtualKeyCode":84},"id":42}
10:07:15.799 [nioEventLoopGroup-2-1] DEBUG c.i.k.driver.chrome_1603444021079 - << {"id":42,"result":{}}
10:07:15.800 [main] DEBUG c.i.k.driver.chrome_1603444021079 - >> {"method":"Input.dispatchKeyEvent","params":{"modifiers":0,"type":"rawKeyDown","text":"i","windowsVirtualKeyCode":73},"id":43}
10:07:15.803 [nioEventLoopGroup-2-1] DEBUG c.i.k.driver.chrome_1603444021079 - << {"id":43,"result":{}}
10:07:15.805 [main] DEBUG c.i.k.driver.chrome_1603444021079 - >> {"method":"Input.dispatchKeyEvent","params":{"modifiers":0,"type":"char","text":"i","windowsVirtualKeyCode":73},"id":44}
10:07:15.808 [nioEventLoopGroup-2-1] DEBUG c.i.k.driver.chrome_1603444021079 - << {"id":44,"result":{}}
10:07:15.809 [main] DEBUG c.i.k.driver.chrome_1603444021079 - >> {"method":"Input.dispatchKeyEvent","params":{"modifiers":0,"type":"keyUp","text":"i","windowsVirtualKeyCode":73},"id":45}
10:07:15.812 [nioEventLoopGroup-2-1] DEBUG c.i.k.driver.chrome_1603444021079 - << {"id":45,"result":{}}
10:07:15.813 [main] DEBUG c.i.k.driver.chrome_1603444021079 - >> {"method":"Input.dispatchKeyEvent","params":{"modifiers":0,"type":"rawKeyDown","text":"o","windowsVirtualKeyCode":79},"id":46}
10:07:15.815 [nioEventLoopGroup-2-1] DEBUG c.i.k.driver.chrome_1603444021079 - << {"id":46,"result":{}}
10:07:15.816 [main] DEBUG c.i.k.driver.chrome_1603444021079 - >> {"method":"Input.dispatchKeyEvent","params":{"modifiers":0,"type":"char","text":"o","windowsVirtualKeyCode":79},"id":47}
10:07:15.842 [nioEventLoopGroup-2-1] DEBUG c.i.k.driver.chrome_1603444021079 - << {"id":47,"result":{}}
10:07:15.844 [main] DEBUG c.i.k.driver.chrome_1603444021079 - >> {"method":"Input.dispatchKeyEvent","params":{"modifiers":0,"type":"keyUp","text":"o","windowsVirtualKeyCode":79},"id":48}
10:07:15.847 [nioEventLoopGroup-2-1] DEBUG c.i.k.driver.chrome_1603444021079 - << {"id":48,"result":{}}
10:07:15.853 [main] DEBUG c.i.k.driver.chrome_1603444021079 - >> {"method":"Input.dispatchKeyEvent","params":{"modifiers":0,"type":"rawKeyDown","text":"n","windowsVirtualKeyCode":78},"id":49}
10:07:15.875 [nioEventLoopGroup-2-1] DEBUG c.i.k.driver.chrome_1603444021079 - << {"id":49,"result":{}}
10:07:15.876 [main] DEBUG c.i.k.driver.chrome_1603444021079 - >> {"method":"Input.dispatchKeyEvent","params":{"modifiers":0,"type":"char","text":"n","windowsVirtualKeyCode":78},"id":50}
10:07:15.889 [nioEventLoopGroup-2-1] DEBUG c.i.k.driver.chrome_1603444021079 - << {"id":50,"result":{}}
10:07:15.892 [main] DEBUG c.i.k.driver.chrome_1603444021079 - >> {"method":"Input.dispatchKeyEvent","params":{"modifiers":0,"type":"keyUp","text":"n","windowsVirtualKeyCode":78},"id":51}
10:07:15.897 [nioEventLoopGroup-2-1] DEBUG c.i.k.driver.chrome_1603444021079 - << {"id":51,"result":{}}
10:07:15.908 [main] DEBUG c.i.k.driver.chrome_1603444021079 - >> {"method":"Input.dispatchKeyEvent","params":{"modifiers":0,"type":"rawKeyDown","text":"_","windowsVirtualKeyCode":523},"id":52}
10:07:15.915 [nioEventLoopGroup-2-1] DEBUG c.i.k.driver.chrome_1603444021079 - << {"id":52,"result":{}}
10:07:15.916 [main] DEBUG c.i.k.driver.chrome_1603444021079 - >> {"method":"Input.dispatchKeyEvent","params":{"modifiers":0,"type":"char","text":"_","windowsVirtualKeyCode":523},"id":53}
10:07:15.920 [nioEventLoopGroup-2-1] DEBUG c.i.k.driver.chrome_1603444021079 - << {"id":53,"result":{}}
10:07:15.921 [main] DEBUG c.i.k.driver.chrome_1603444021079 - >> {"method":"Input.dispatchKeyEvent","params":{"modifiers":0,"type":"keyUp","text":"_","windowsVirtualKeyCode":523},"id":54}
10:07:15.924 [nioEventLoopGroup-2-1] DEBUG c.i.k.driver.chrome_1603444021079 - << {"id":54,"result":{}}
10:07:15.925 [main] WARN  c.i.k.driver.chrome_1603444021079 - unknown character / key code: N
10:07:15.925 [main] DEBUG c.i.k.driver.chrome_1603444021079 - >> {"method":"Input.dispatchKeyEvent","params":{"modifiers":0,"type":"char","text":"N"},"id":55}
10:07:15.932 [nioEventLoopGroup-2-1] DEBUG c.i.k.driver.chrome_1603444021079 - << {"id":55,"result":{}}
10:07:15.933 [main] WARN  c.i.k.driver.chrome_1603444021079 - unknown character / key code: S
10:07:15.933 [main] DEBUG c.i.k.driver.chrome_1603444021079 - >> {"method":"Input.dispatchKeyEvent","params":{"modifiers":0,"type":"char","text":"S"},"id":56}
10:07:15.941 [nioEventLoopGroup-2-1] DEBUG c.i.k.driver.chrome_1603444021079 - << {"id":56,"result":{}}
10:07:15.942 [main] WARN  c.i.k.driver.chrome_1603444021079 - unknown character / key code: C
10:07:15.942 [main] DEBUG c.i.k.driver.chrome_1603444021079 - >> {"method":"Input.dispatchKeyEvent","params":{"modifiers":0,"type":"char","text":"C"},"id":57}
10:07:15.953 [nioEventLoopGroup-2-1] DEBUG c.i.k.driver.chrome_1603444021079 - << {"id":57,"result":{}}
10:07:15.954 [main] WARN  c.i.k.driver.chrome_1603444021079 - unknown character / key code: M
10:07:15.954 [main] DEBUG c.i.k.driver.chrome_1603444021079 - >> {"method":"Input.dispatchKeyEvent","params":{"modifiers":0,"type":"char","text":"M"},"id":58}
10:07:15.960 [nioEventLoopGroup-2-1] DEBUG c.i.k.driver.chrome_1603444021079 - << {"id":58,"result":{}}
10:07:15.961 [main] DEBUG c.i.k.driver.chrome_1603444021079 - >> {"method":"Input.dispatchKeyEvent","params":{"modifiers":0,"type":"rawKeyDown","text":"g","windowsVirtualKeyCode":71},"id":59}
10:07:15.964 [nioEventLoopGroup-2-1] DEBUG c.i.k.driver.chrome_1603444021079 - << {"id":59,"result":{}}
10:07:15.964 [main] DEBUG c.i.k.driver.chrome_1603444021079 - >> {"method":"Input.dispatchKeyEvent","params":{"modifiers":0,"type":"char","text":"g","windowsVirtualKeyCode":71},"id":60}
10:07:15.970 [nioEventLoopGroup-2-1] DEBUG c.i.k.driver.chrome_1603444021079 - << {"id":60,"result":{}}
10:07:15.972 [main] DEBUG c.i.k.driver.chrome_1603444021079 - >> {"method":"Input.dispatchKeyEvent","params":{"modifiers":0,"type":"keyUp","text":"g","windowsVirtualKeyCode":71},"id":61}
10:07:15.975 [nioEventLoopGroup-2-1] DEBUG c.i.k.driver.chrome_1603444021079 - << {"id":61,"result":{}}
10:07:15.975 [main] DEBUG c.i.k.driver.chrome_1603444021079 - >> {"method":"Input.dispatchKeyEvent","params":{"modifiers":0,"type":"rawKeyDown","text":"r","windowsVirtualKeyCode":82},"id":62}
10:07:15.986 [nioEventLoopGroup-2-1] DEBUG c.i.k.driver.chrome_1603444021079 - << {"id":62,"result":{}}
10:07:15.986 [main] DEBUG c.i.k.driver.chrome_1603444021079 - >> {"method":"Input.dispatchKeyEvent","params":{"modifiers":0,"type":"char","text":"r","windowsVirtualKeyCode":82},"id":63}
10:07:15.993 [nioEventLoopGroup-2-1] DEBUG c.i.k.driver.chrome_1603444021079 - << {"id":63,"result":{}}
10:07:15.994 [main] DEBUG c.i.k.driver.chrome_1603444021079 - >> {"method":"Input.dispatchKeyEvent","params":{"modifiers":0,"type":"keyUp","text":"r","windowsVirtualKeyCode":82},"id":64}
10:07:15.998 [nioEventLoopGroup-2-1] DEBUG c.i.k.driver.chrome_1603444021079 - << {"id":64,"result":{}}
10:07:15.999 [main] WARN  c.i.k.driver.chrome_1603444021079 - unknown character / key code: V
10:07:16.000 [main] DEBUG c.i.k.driver.chrome_1603444021079 - >> {"method":"Input.dispatchKeyEvent","params":{"modifiers":0,"type":"char","text":"V"},"id":65}
10:07:16.007 [nioEventLoopGroup-2-1] DEBUG c.i.k.driver.chrome_1603444021079 - << {"id":65,"result":{}}
10:07:16.007 [main] DEBUG c.i.k.driver.chrome_1603444021079 - >> {"method":"Input.dispatchKeyEvent","params":{"modifiers":0,"type":"rawKeyDown","text":"g","windowsVirtualKeyCode":71},"id":66}
10:07:16.015 [nioEventLoopGroup-2-1] DEBUG c.i.k.driver.chrome_1603444021079 - << {"id":66,"result":{}}
10:07:16.015 [main] DEBUG c.i.k.driver.chrome_1603444021079 - >> {"method":"Input.dispatchKeyEvent","params":{"modifiers":0,"type":"char","text":"g","windowsVirtualKeyCode":71},"id":67}
10:07:16.023 [nioEventLoopGroup-2-1] DEBUG c.i.k.driver.chrome_1603444021079 - << {"id":67,"result":{}}
10:07:16.025 [main] DEBUG c.i.k.driver.chrome_1603444021079 - >> {"method":"Input.dispatchKeyEvent","params":{"modifiers":0,"type":"keyUp","text":"g","windowsVirtualKeyCode":71},"id":68}
10:07:16.028 [nioEventLoopGroup-2-1] DEBUG c.i.k.driver.chrome_1603444021079 - << {"id":68,"result":{}}
10:07:16.029 [main] DEBUG c.i.k.driver.chrome_1603444021079 - >> {"method":"Input.dispatchKeyEvent","params":{"modifiers":0,"type":"rawKeyDown","text":"e","windowsVirtualKeyCode":69},"id":69}
10:07:16.032 [nioEventLoopGroup-2-1] DEBUG c.i.k.driver.chrome_1603444021079 - << {"id":69,"result":{}}
10:07:16.033 [main] DEBUG c.i.k.driver.chrome_1603444021079 - >> {"method":"Input.dispatchKeyEvent","params":{"modifiers":0,"type":"char","text":"e","windowsVirtualKeyCode":69},"id":70}
10:07:16.040 [nioEventLoopGroup-2-1] DEBUG c.i.k.driver.chrome_1603444021079 - << {"id":70,"result":{}}
10:07:16.044 [main] DEBUG c.i.k.driver.chrome_1603444021079 - >> {"method":"Input.dispatchKeyEvent","params":{"modifiers":0,"type":"keyUp","text":"e","windowsVirtualKeyCode":69},"id":71}
10:07:16.046 [nioEventLoopGroup-2-1] DEBUG c.i.k.driver.chrome_1603444021079 - << {"id":71,"result":{}}
10:07:16.047 [main] DEBUG c.i.k.driver.chrome_1603444021079 - >> {"method":"Input.dispatchKeyEvent","params":{"modifiers":0,"type":"rawKeyDown","text":"r","windowsVirtualKeyCode":82},"id":72}
10:07:16.049 [nioEventLoopGroup-2-1] DEBUG c.i.k.driver.chrome_1603444021079 - << {"id":72,"result":{}}
10:07:16.050 [main] DEBUG c.i.k.driver.chrome_1603444021079 - >> {"method":"Input.dispatchKeyEvent","params":{"modifiers":0,"type":"char","text":"r","windowsVirtualKeyCode":82},"id":73}
10:07:16.055 [nioEventLoopGroup-2-1] DEBUG c.i.k.driver.chrome_1603444021079 - << {"id":73,"result":{}}
10:07:16.057 [main] DEBUG c.i.k.driver.chrome_1603444021079 - >> {"method":"Input.dispatchKeyEvent","params":{"modifiers":0,"type":"keyUp","text":"r","windowsVirtualKeyCode":82},"id":74}
10:07:16.059 [nioEventLoopGroup-2-1] DEBUG c.i.k.driver.chrome_1603444021079 - << {"id":74,"result":{}}
10:07:16.060 [main] DEBUG c.i.k.driver.chrome_1603444021079 - >> {"method":"Input.dispatchKeyEvent","params":{"modifiers":0,"type":"rawKeyDown","text":"m","windowsVirtualKeyCode":77},"id":75}
10:07:16.062 [nioEventLoopGroup-2-1] DEBUG c.i.k.driver.chrome_1603444021079 - << {"id":75,"result":{}}
10:07:16.062 [main] DEBUG c.i.k.driver.chrome_1603444021079 - >> {"method":"Input.dispatchKeyEvent","params":{"modifiers":0,"type":"char","text":"m","windowsVirtualKeyCode":77},"id":76}
10:07:16.068 [nioEventLoopGroup-2-1] DEBUG c.i.k.driver.chrome_1603444021079 - << {"id":76,"result":{}}
10:07:16.071 [main] DEBUG c.i.k.driver.chrome_1603444021079 - >> {"method":"Input.dispatchKeyEvent","params":{"modifiers":0,"type":"keyUp","text":"m","windowsVirtualKeyCode":77},"id":77}
10:07:16.074 [nioEventLoopGroup-2-1] DEBUG c.i.k.driver.chrome_1603444021079 - << {"id":77,"result":{}}
10:07:16.075 [main] DEBUG c.i.k.driver.chrome_1603444021079 - >> {"method":"Input.dispatchKeyEvent","params":{"modifiers":0,"type":"rawKeyDown","text":"a","windowsVirtualKeyCode":65},"id":78}
10:07:16.079 [nioEventLoopGroup-2-1] DEBUG c.i.k.driver.chrome_1603444021079 - << {"id":78,"result":{}}
10:07:16.080 [main] DEBUG c.i.k.driver.chrome_1603444021079 - >> {"method":"Input.dispatchKeyEvent","params":{"modifiers":0,"type":"char","text":"a","windowsVirtualKeyCode":65},"id":79}
10:07:16.088 [nioEventLoopGroup-2-1] DEBUG c.i.k.driver.chrome_1603444021079 - << {"id":79,"result":{}}
10:07:16.088 [main] DEBUG c.i.k.driver.chrome_1603444021079 - >> {"method":"Input.dispatchKeyEvent","params":{"modifiers":0,"type":"keyUp","text":"a","windowsVirtualKeyCode":65},"id":80}
10:07:16.090 [nioEventLoopGroup-2-1] DEBUG c.i.k.driver.chrome_1603444021079 - << {"id":80,"result":{}}
10:07:16.091 [main] DEBUG c.i.k.driver.chrome_1603444021079 - >> {"method":"Input.dispatchKeyEvent","params":{"modifiers":0,"type":"rawKeyDown","text":"n","windowsVirtualKeyCode":78},"id":81}
10:07:16.096 [nioEventLoopGroup-2-1] DEBUG c.i.k.driver.chrome_1603444021079 - << {"id":81,"result":{}}
10:07:16.097 [main] DEBUG c.i.k.driver.chrome_1603444021079 - >> {"method":"Input.dispatchKeyEvent","params":{"modifiers":0,"type":"char","text":"n","windowsVirtualKeyCode":78},"id":82}
10:07:16.106 [nioEventLoopGroup-2-1] DEBUG c.i.k.driver.chrome_1603444021079 - << {"id":82,"result":{}}
10:07:16.107 [main] DEBUG c.i.k.driver.chrome_1603444021079 - >> {"method":"Input.dispatchKeyEvent","params":{"modifiers":0,"type":"keyUp","text":"n","windowsVirtualKeyCode":78},"id":83}
10:07:16.110 [nioEventLoopGroup-2-1] DEBUG c.i.k.driver.chrome_1603444021079 - << {"id":83,"result":{}}
10:07:16.110 [main] DEBUG c.i.k.driver.chrome_1603444021079 - >> {"method":"Input.dispatchKeyEvent","params":{"modifiers":0,"type":"rawKeyDown","text":"y","windowsVirtualKeyCode":89},"id":84}
10:07:16.113 [nioEventLoopGroup-2-1] DEBUG c.i.k.driver.chrome_1603444021079 - << {"id":84,"result":{}}
10:07:16.113 [main] DEBUG c.i.k.driver.chrome_1603444021079 - >> {"method":"Input.dispatchKeyEvent","params":{"modifiers":0,"type":"char","text":"y","windowsVirtualKeyCode":89},"id":85}
10:07:16.121 [nioEventLoopGroup-2-1] DEBUG c.i.k.driver.chrome_1603444021079 - << {"id":85,"result":{}}
10:07:16.122 [main] DEBUG c.i.k.driver.chrome_1603444021079 - >> {"method":"Input.dispatchKeyEvent","params":{"modifiers":0,"type":"keyUp","text":"y","windowsVirtualKeyCode":89},"id":86}
10:07:16.126 [nioEventLoopGroup-2-1] DEBUG c.i.k.driver.chrome_1603444021079 - << {"id":86,"result":{}}
10:07:16.178 [main] DEBUG c.i.k.driver.chrome_1603444021079 - >> {"method":"Runtime.evaluate","params":{"expression":"var e = document.querySelector(\"#uctrlLogin_txtPassword\"); e.focus(); try { e.selectionStart = e.selectionEnd = e.value.length } catch(x) {}","returnByValue":true},"id":87}
10:07:16.186 [nioEventLoopGroup-2-1] DEBUG c.i.k.driver.chrome_1603444021079 - << {"id":87,"result":{"result":{"type":"number","value":0,"description":"0"}}}
10:07:16.187 [main] WARN  c.i.k.driver.chrome_1603444021079 - unknown character / key code: P
10:07:16.187 [main] DEBUG c.i.k.driver.chrome_1603444021079 - >> {"method":"Input.dispatchKeyEvent","params":{"modifiers":0,"type":"char","text":"P"},"id":88}
10:07:16.192 [nioEventLoopGroup-2-1] DEBUG c.i.k.driver.chrome_1603444021079 - << {"id":88,"result":{}}
10:07:16.193 [main] DEBUG c.i.k.driver.chrome_1603444021079 - >> {"method":"Input.dispatchKeyEvent","params":{"modifiers":0,"type":"rawKeyDown","text":"a","windowsVirtualKeyCode":65},"id":89}
10:07:16.198 [nioEventLoopGroup-2-1] DEBUG c.i.k.driver.chrome_1603444021079 - << {"id":89,"result":{}}
10:07:16.198 [main] DEBUG c.i.k.driver.chrome_1603444021079 - >> {"method":"Input.dispatchKeyEvent","params":{"modifiers":0,"type":"char","text":"a","windowsVirtualKeyCode":65},"id":90}
10:07:16.207 [nioEventLoopGroup-2-1] DEBUG c.i.k.driver.chrome_1603444021079 - << {"id":90,"result":{}}
10:07:16.208 [main] DEBUG c.i.k.driver.chrome_1603444021079 - >> {"method":"Input.dispatchKeyEvent","params":{"modifiers":0,"type":"keyUp","text":"a","windowsVirtualKeyCode":65},"id":91}
10:07:16.211 [nioEventLoopGroup-2-1] DEBUG c.i.k.driver.chrome_1603444021079 - << {"id":91,"result":{}}
10:07:16.212 [main] DEBUG c.i.k.driver.chrome_1603444021079 - >> {"method":"Input.dispatchKeyEvent","params":{"modifiers":0,"type":"rawKeyDown","text":"s","windowsVirtualKeyCode":83},"id":92}
10:07:16.215 [nioEventLoopGroup-2-1] DEBUG c.i.k.driver.chrome_1603444021079 - << {"id":92,"result":{}}
10:07:16.215 [main] DEBUG c.i.k.driver.chrome_1603444021079 - >> {"method":"Input.dispatchKeyEvent","params":{"modifiers":0,"type":"char","text":"s","windowsVirtualKeyCode":83},"id":93}
10:07:16.227 [nioEventLoopGroup-2-1] DEBUG c.i.k.driver.chrome_1603444021079 - << {"id":93,"result":{}}
10:07:16.227 [main] DEBUG c.i.k.driver.chrome_1603444021079 - >> {"method":"Input.dispatchKeyEvent","params":{"modifiers":0,"type":"keyUp","text":"s","windowsVirtualKeyCode":83},"id":94}
10:07:16.229 [nioEventLoopGroup-2-1] DEBUG c.i.k.driver.chrome_1603444021079 - << {"id":94,"result":{}}
10:07:16.229 [main] DEBUG c.i.k.driver.chrome_1603444021079 - >> {"method":"Input.dispatchKeyEvent","params":{"modifiers":0,"type":"rawKeyDown","text":"s","windowsVirtualKeyCode":83},"id":95}
10:07:16.233 [nioEventLoopGroup-2-1] DEBUG c.i.k.driver.chrome_1603444021079 - << {"id":95,"result":{}}
10:07:16.234 [main] DEBUG c.i.k.driver.chrome_1603444021079 - >> {"method":"Input.dispatchKeyEvent","params":{"modifiers":0,"type":"char","text":"s","windowsVirtualKeyCode":83},"id":96}
10:07:16.256 [nioEventLoopGroup-2-1] DEBUG c.i.k.driver.chrome_1603444021079 - << {"id":96,"result":{}}
10:07:16.256 [main] DEBUG c.i.k.driver.chrome_1603444021079 - >> {"method":"Input.dispatchKeyEvent","params":{"modifiers":0,"type":"keyUp","text":"s","windowsVirtualKeyCode":83},"id":97}
10:07:16.259 [nioEventLoopGroup-2-1] DEBUG c.i.k.driver.chrome_1603444021079 - << {"id":97,"result":{}}
10:07:16.259 [main] DEBUG c.i.k.driver.chrome_1603444021079 - >> {"method":"Input.dispatchKeyEvent","params":{"modifiers":0,"type":"rawKeyDown","text":"w","windowsVirtualKeyCode":87},"id":98}
10:07:16.263 [nioEventLoopGroup-2-1] DEBUG c.i.k.driver.chrome_1603444021079 - << {"id":98,"result":{}}
10:07:16.263 [main] DEBUG c.i.k.driver.chrome_1603444021079 - >> {"method":"Input.dispatchKeyEvent","params":{"modifiers":0,"type":"char","text":"w","windowsVirtualKeyCode":87},"id":99}
10:07:16.268 [nioEventLoopGroup-2-1] DEBUG c.i.k.driver.chrome_1603444021079 - << {"id":99,"result":{}}
10:07:16.269 [main] DEBUG c.i.k.driver.chrome_1603444021079 - >> {"method":"Input.dispatchKeyEvent","params":{"modifiers":0,"type":"keyUp","text":"w","windowsVirtualKeyCode":87},"id":100}
10:07:16.273 [nioEventLoopGroup-2-1] DEBUG c.i.k.driver.chrome_1603444021079 - << {"id":100,"result":{}}
10:07:16.273 [main] DEBUG c.i.k.driver.chrome_1603444021079 - >> {"method":"Input.dispatchKeyEvent","params":{"modifiers":0,"type":"rawKeyDown","text":"o","windowsVirtualKeyCode":79},"id":101}
10:07:16.276 [nioEventLoopGroup-2-1] DEBUG c.i.k.driver.chrome_1603444021079 - << {"id":101,"result":{}}
10:07:16.276 [main] DEBUG c.i.k.driver.chrome_1603444021079 - >> {"method":"Input.dispatchKeyEvent","params":{"modifiers":0,"type":"char","text":"o","windowsVirtualKeyCode":79},"id":102}
10:07:16.279 [nioEventLoopGroup-2-1] DEBUG c.i.k.driver.chrome_1603444021079 - << {"id":102,"result":{}}
10:07:16.279 [main] DEBUG c.i.k.driver.chrome_1603444021079 - >> {"method":"Input.dispatchKeyEvent","params":{"modifiers":0,"type":"keyUp","text":"o","windowsVirtualKeyCode":79},"id":103}
10:07:16.282 [nioEventLoopGroup-2-1] DEBUG c.i.k.driver.chrome_1603444021079 - << {"id":103,"result":{}}
10:07:16.284 [main] DEBUG c.i.k.driver.chrome_1603444021079 - >> {"method":"Input.dispatchKeyEvent","params":{"modifiers":0,"type":"rawKeyDown","text":"r","windowsVirtualKeyCode":82},"id":104}
10:07:16.288 [nioEventLoopGroup-2-1] DEBUG c.i.k.driver.chrome_1603444021079 - << {"id":104,"result":{}}
10:07:16.288 [main] DEBUG c.i.k.driver.chrome_1603444021079 - >> {"method":"Input.dispatchKeyEvent","params":{"modifiers":0,"type":"char","text":"r","windowsVirtualKeyCode":82},"id":105}
10:07:16.292 [nioEventLoopGroup-2-1] DEBUG c.i.k.driver.chrome_1603444021079 - << {"id":105,"result":{}}
10:07:16.293 [main] DEBUG c.i.k.driver.chrome_1603444021079 - >> {"method":"Input.dispatchKeyEvent","params":{"modifiers":0,"type":"keyUp","text":"r","windowsVirtualKeyCode":82},"id":106}
10:07:16.295 [nioEventLoopGroup-2-1] DEBUG c.i.k.driver.chrome_1603444021079 - << {"id":106,"result":{}}
10:07:16.296 [main] DEBUG c.i.k.driver.chrome_1603444021079 - >> {"method":"Input.dispatchKeyEvent","params":{"modifiers":0,"type":"rawKeyDown","text":"d","windowsVirtualKeyCode":68},"id":107}
10:07:16.303 [nioEventLoopGroup-2-1] DEBUG c.i.k.driver.chrome_1603444021079 - << {"id":107,"result":{}}
10:07:16.305 [main] DEBUG c.i.k.driver.chrome_1603444021079 - >> {"method":"Input.dispatchKeyEvent","params":{"modifiers":0,"type":"char","text":"d","windowsVirtualKeyCode":68},"id":108}
10:07:16.309 [nioEventLoopGroup-2-1] DEBUG c.i.k.driver.chrome_1603444021079 - << {"id":108,"result":{}}
10:07:16.310 [main] DEBUG c.i.k.driver.chrome_1603444021079 - >> {"method":"Input.dispatchKeyEvent","params":{"modifiers":0,"type":"keyUp","text":"d","windowsVirtualKeyCode":68},"id":109}
10:07:16.311 [nioEventLoopGroup-2-1] DEBUG c.i.k.driver.chrome_1603444021079 - << {"id":109,"result":{}}
10:07:16.315 [main] DEBUG c.i.k.driver.chrome_1603444021079 - >> {"method":"Input.dispatchKeyEvent","params":{"modifiers":0,"type":"rawKeyDown","text":"4","windowsVirtualKeyCode":52},"id":110}
10:07:16.323 [nioEventLoopGroup-2-1] DEBUG c.i.k.driver.chrome_1603444021079 - << {"id":110,"result":{}}
10:07:16.324 [main] DEBUG c.i.k.driver.chrome_1603444021079 - >> {"method":"Input.dispatchKeyEvent","params":{"modifiers":0,"type":"char","text":"4","windowsVirtualKeyCode":52},"id":111}
10:07:16.327 [nioEventLoopGroup-2-1] DEBUG c.i.k.driver.chrome_1603444021079 - << {"id":111,"result":{}}
10:07:16.327 [main] DEBUG c.i.k.driver.chrome_1603444021079 - >> {"method":"Input.dispatchKeyEvent","params":{"modifiers":0,"type":"keyUp","text":"4","windowsVirtualKeyCode":52},"id":112}
10:07:16.331 [nioEventLoopGroup-2-1] DEBUG c.i.k.driver.chrome_1603444021079 - << {"id":112,"result":{}}
10:07:16.335 [main] DEBUG c.i.k.driver.chrome_1603444021079 - >> {"method":"Target.closeTarget","params":{"targetId":"2251815F0D4298A315E1F3F25C4911C6"},"id":113}
10:07:16.339 [nioEventLoopGroup-2-1] DEBUG c.i.k.driver.chrome_1603444021079 - << {"id":113,"result":{"success":true}}
10:07:16.348 [nioEventLoopGroup-2-1] DEBUG c.i.k.driver.chrome_1603444021079 - << {"method":"Inspector.detached","params":{"reason":"Render process gone."}}
10:07:16.351 [nioEventLoopGroup-2-1] DEBUG c.i.k.driver.chrome_1603444021079 - << {"method":"Inspector.detached","params":{"reason":"target_closed"}}
10:07:16.357 [nioEventLoopGroup-2-1] DEBUG c.i.k.netty.WebSocketClientHandler - websocket client disconnected
10:07:16.394 [main] DEBUG com.intuit.karate.shell.Command - closing command: chrome_1603444021079
10:07:17.239 [chrome_1603444021079] WARN  com.intuit.karate.shell.Command - exit code was non-zero: 1 - [C:\Program Files (x86)\Google\Chrome\Application\chrome.exe, --remote-debugging-port=9222, --no-first-run, --user-data-dir=E:\KaratePOC\RMS_POC\rmsPOC\target\chrome_1603444021079, --disable-popup-blocking]
10:07:17.290 [chrome_1603444021079] DEBUG com.intuit.karate.shell.Command - console readers complete
